ABP100Y1.txt
ABS201Y1.txt
ABS205H1.txt
ABS210Y1.txt
ABS220Y1.txt
ABS230H1.txt
ABS231H1.txt
ABS240Y1.txt
ABS261H1.txt
ABS300Y1.txt
ABS301Y1.txt
ABS310Y1.txt
ABS322H1.txt
ABS352H1.txt
ABS390H1.txt
ABS403H1.txt
ABS405H1.txt
ABS407H1.txt
ABS460H1.txt
ACT230H1.txt
ACT240H1.txt
ACT245H1.txt
ACT247H1.txt
ACT348H1.txt
ACT349H1.txt
ACT370H1.txt
ACT451H1.txt
ACT452H1.txt
ACT455H1.txt
ACT460H1.txt
ACT466H1.txt
ACT473H1.txt
ACT475H1.txt
ANA300Y1.txt
ANA301H1.txt
ANA400H1.txt
ANT100Y1.txt
ANT110H1.txt
ANT200Y1.txt
ANT203Y1.txt
ANT204H1.txt
ANT207H1.txt
ANT208H1.txt
ANT253H1.txt
ANT315H1.txt
ANT322H1.txt
ANT324H1.txt
ANT329H1.txt
ANT333Y1.txt
ANT334H1.txt
ANT335Y1.txt
ANT336H1.txt
ANT343H1.txt
ANT346H1.txt
ANT348H1.txt
ANT349H1.txt
ANT351H1.txt
ANT358H1.txt
ANT370H1.txt
ANT372H1.txt
ANT376H1.txt
ANT378H1.txt
ANT380H1.txt
ANT411H1.txt
ANT412H1.txt
ANT419H1.txt
ANT420H1.txt
ANT425H1.txt
ANT426H1.txt
ANT427H1.txt
ANT432H1.txt
ANT434H1.txt
ANT435H1.txt
ANT438H1.txt
ANT440H1.txt
ANT445H1.txt
ANT447H1.txt
ANT450H1.txt
ANT451H1.txt
ANT458H1.txt
ANT460H1.txt
ANT475H1.txt
ANT476H1.txt
ANT484H1.txt
ANT486H1.txt
APM236H1.txt
APM346H1.txt
APM351Y1.txt
APM421H1.txt
APM426H1.txt
APM441H1.txt
APM446H1.txt
APM461H1.txt
APM462H1.txt
APM466H1.txt
ARH305H1.txt
ARH309H1.txt
ARH312Y1.txt
ARH361H1.txt
AST101H1.txt
AST121H1.txt
AST201H1.txt
AST210H1.txt
AST221H1.txt
AST222H1.txt
AST251H1.txt
AST320H1.txt
AST325H1.txt
AST326Y1.txt
AST424H1.txt
AST425Y1.txt
BCB330Y1.txt
BCB410H1.txt
BCB420H1.txt
BCB430Y1.txt
BCH210H1.txt
BCH242Y1.txt
BCH311H1.txt
BCH340H1.txt
BCH370H1.txt
BCH372Y1.txt
BCH373H1.txt
BCH375H1.txt
BCH377H1.txt
BCH378H1.txt
BCH422H1.txt
BCH425H1.txt
BCH426H1.txt
BCH427H1.txt
BCH440H1.txt
BCH441H1.txt
BCH444H1.txt
BCH445H1.txt
BCH446H1.txt
BCH447H1.txt
BCH448H1.txt
BCH472Y1.txt
BCH473Y1.txt
BCH478H1.txt
BCH479H1.txt
BIG101Y1.txt
BIG102Y1.txt
BIO120H1.txt
BIO130H1.txt
BIO220H1.txt
BIO230H1.txt
BIO251H1.txt
BIO255H1.txt
BIO260H1.txt
BIO270H1.txt
BIO271H1.txt
CAS200Y1.txt
CAS310H1.txt
CAS320H1.txt
CAS350H1.txt
CAS360H1.txt
CAS400Y1.txt
CAS490H1.txt
CHM101H1.txt
CHM138H1.txt
CHM139H1.txt
CHM151Y1.txt
CHM210H1.txt
CHM217H1.txt
CHM220H1.txt
CHM222H1.txt
CHM223H1.txt
CHM238Y1.txt
CHM247H1.txt
CHM249H1.txt
CHM310H1.txt
CHM317H1.txt
CHM325H1.txt
CHM326H1.txt
CHM327H1.txt
CHM328H1.txt
CHM338H1.txt
CHM342H1.txt
CHM343H1.txt
CHM347H1.txt
CHM348H1.txt
CHM379H1.txt
CHM410H1.txt
CHM414H1.txt
CHM415H1.txt
CHM416H1.txt
CHM417H1.txt
CHM423H1.txt
CHM426H1.txt
CHM427H1.txt
CHM432H1.txt
CHM434H1.txt
CHM437H1.txt
CHM440H1.txt
CHM441H1.txt
CHM443H1.txt
CHM446H1.txt
CHM447H1.txt
CHM479H1.txt
CIN105Y1.txt
CIN201Y1.txt
CIN210H1.txt
CIN212H1.txt
CIN213H1.txt
CIN230H1.txt
CIN260H1.txt
CIN301Y1.txt
CIN312Y1.txt
CIN320H1.txt
CIN330Y1.txt
CIN334H1.txt
CIN340H1.txt
CIN349H1.txt
CIN369H1.txt
CIN374Y1.txt
CIN378H1.txt
CIN380H1.txt
CIN410H1.txt
CIN411H1.txt
CIN431H1.txt
CIN450H1.txt
CIN451H1.txt
CIN452H1.txt
CIN490Y1.txt
CJS200H1.txt
CJS201H1.txt
CJS290H1.txt
CJS383H1.txt
CJS390H1.txt
CLA160H1.txt
CLA201H1.txt
CLA204H1.txt
CLA230H1.txt
CLA231H1.txt
CLA232H1.txt
CLA233H1.txt
CLA260H1.txt
CLA303H1.txt
CLA310H1.txt
CLA319H1.txt
CLA321H1.txt
CLA363H1.txt
CLA367H1.txt
CLA368H1.txt
CLA373H1.txt
CLA382H1.txt
CLA386H1.txt
CLA387H1.txt
CLA400H1.txt
CLA401H1.txt
CLA402H1.txt
CLA403H1.txt
COG250Y1.txt
COG341H1.txt
COG342H1.txt
COG401H1.txt
COG402H1.txt
COL490H1.txt
CRI205H1.txt
CRI210H1.txt
CRI215H1.txt
CRI225H1.txt
CRI300H1.txt
CRI325H1.txt
CRI335H1.txt
CRI340H1.txt
CRI343H1.txt
CRI350H1.txt
CRI365H1.txt
CRI370H1.txt
CRI380H1.txt
CRI385H1.txt
CRI387H1.txt
CRI390H1.txt
CRI425H1.txt
CRI429H1.txt
CRI431H1.txt
CRI445H1.txt
CRI480H1.txt
CRI490H1.txt
CSB201H1.txt
CSB202H1.txt
CSB325H1.txt
CSB327H1.txt
CSB328H1.txt
CSB330H1.txt
CSB331H1.txt
CSB332H1.txt
CSB340H1.txt
CSB343H1.txt
CSB345H1.txt
CSB346H1.txt
CSB349H1.txt
CSB350H1.txt
CSB351Y1.txt
CSB352H1.txt
CSB353H1.txt
CSB428H1.txt
CSB429H1.txt
CSB430H1.txt
CSB431H1.txt
CSB432H1.txt
CSB445H1.txt
CSB447H1.txt
CSB450H1.txt
CSB452H1.txt
CSB459H1.txt
CSB460H1.txt
CSB472H1.txt
CSB473H1.txt
CSB474H1.txt
CSB475H1.txt
CSB483H1.txt
CSB490H1.txt
CSC104H1.txt
CSC108H1.txt
CSC120H1.txt
CSC148H1.txt
CSC165H1.txt
CSC200Y1.txt
CSC207H1.txt
CSC209H1.txt
CSC236H1.txt
CSC240H1.txt
CSC258H1.txt
CSC263H1.txt
CSC265H1.txt
CSC300H1.txt
CSC301H1.txt
CSC302H1.txt
CSC309H1.txt
CSC310H1.txt
CSC318H1.txt
CSC320H1.txt
CSC321H1.txt
CSC324H1.txt
CSC336H1.txt
CSC343H1.txt
CSC358H1.txt
CSC369H1.txt
CSC372H1.txt
CSC373H1.txt
CSC384H1.txt
CSC401H1.txt
CSC404H1.txt
CSC410H1.txt
CSC411H1.txt
CSC412H1.txt
CSC418H1.txt
CSC420H1.txt
CSC428H1.txt
CSC436H1.txt
CSC438H1.txt
CSC443H1.txt
CSC446H1.txt
CSC448H1.txt
CSC454H1.txt
CSC456H1.txt
CSC458H1.txt
CSC463H1.txt
CSC469H1.txt
CSC485H1.txt
CSC486H1.txt
CSC488H1.txt
CSC490H1.txt
CSC491H1.txt
CSC494H1.txt
CSC495H1.txt
DRM100Y1.txt
DRM200Y1.txt
DRM201H1.txt
DRM211H1.txt
DRM228H1.txt
DRM230Y1.txt
DRM254Y1.txt
DRM264H1.txt
DRM268H1.txt
DRM300Y1.txt
DRM301H1.txt
DRM302H1.txt
DRM311H1.txt
DRM328H1.txt
DRM331H1.txt
DRM342H1.txt
DRM354Y1.txt
DRM362H1.txt
DRM385H1.txt
DRM386H1.txt
DRM388H1.txt
DRM390Y1.txt
DRM400Y1.txt
DRM401H1.txt
DRM402H1.txt
DRM403Y1.txt
DRM411H1.txt
DRM486H1.txt
DRM487H1.txt
DRM488H1.txt
DRM490Y1.txt
DTS200Y1.txt
DTS300H1.txt
DTS390H1.txt
DTS390Y1.txt
DTS401H1.txt
DTS402H1.txt
DTS403H1.txt
DTS405H1.txt
EAS100Y1.txt
EAS101Y1.txt
EAS103H1.txt
EAS105H1.txt
EAS110Y1.txt
EAS120Y1.txt
EAS121H1.txt
EAS200Y1.txt
EAS209H1.txt
EAS210Y1.txt
EAS211Y1.txt
EAS215H1.txt
EAS220Y1.txt
EAS241H1.txt
EAS243H1.txt
EAS247H1.txt
EAS257H1.txt
EAS273H1.txt
EAS284H1.txt
EAS300Y1.txt
EAS310Y1.txt
EAS320Y1.txt
EAS327H1.txt
EAS347H1.txt
EAS357H1.txt
EAS358Y1.txt
EAS384H1.txt
EAS402H1.txt
EAS408H1.txt
EAS410Y1.txt
EAS411H1.txt
EAS412H1.txt
EAS419H1.txt
EAS434H1.txt
EAS435H1.txt
EAS436Y1.txt
EAS447H1.txt
EAS449H1.txt
EAS459Y1.txt
EAS461H1.txt
EAS474H1.txt
ECE385H1.txt
ECE489H1.txt
ECO100Y1.txt
ECO105Y1.txt
ECO200Y1.txt
ECO202Y1.txt
ECO204Y1.txt
ECO206Y1.txt
ECO208Y1.txt
ECO209Y1.txt
ECO210H1.txt
ECO220Y1.txt
ECO227Y1.txt
ECO230Y1.txt
ECO302H1.txt
ECO306H1.txt
ECO310H1.txt
ECO313H1.txt
ECO314H1.txt
ECO316H1.txt
ECO320H1.txt
ECO322H1.txt
ECO324Y1.txt
ECO325H1.txt
ECO326H1.txt
ECO331H1.txt
ECO332H1.txt
ECO333H1.txt
ECO336Y1.txt
ECO339Y1.txt
ECO342Y1.txt
ECO349H1.txt
ECO357H1.txt
ECO358H1.txt
ECO359H1.txt
ECO362H1.txt
ECO364H1.txt
ECO365H1.txt
ECO370Y1.txt
ECO374H1.txt
ECO375H1.txt
ECO380H1.txt
ECO401H1.txt
ECO402H1.txt
ECO403H1.txt
ECO404H1.txt
ECO407H1.txt
ECO408H1.txt
ECO409H1.txt
ECO410H1.txt
ECO414H1.txt
ECO416H1.txt
ECO418H1.txt
ECO419H1.txt
ECO425H1.txt
ECO426H1.txt
ECO428H1.txt
ECO429H1.txt
ECO430Y1.txt
ECO431H1.txt
ECO434H1.txt
ECO435H1.txt
ECO459H1.txt
ECO461H1.txt
ECO462H1.txt
ECO464H1.txt
ECO475H1.txt
EDU311H1.txt
EDU321H1.txt
EEB202H1.txt
EEB204H1.txt
EEB214H1.txt
EEB215H1.txt
EEB225H1.txt
EEB255H1.txt
EEB263H1.txt
EEB266H1.txt
EEB267H1.txt
EEB268H1.txt
EEB318H1.txt
EEB319H1.txt
EEB321H1.txt
EEB322H1.txt
EEB323H1.txt
EEB324H1.txt
EEB325H1.txt
EEB328H1.txt
EEB331H1.txt
EEB340H1.txt
EEB356H1.txt
EEB362H1.txt
EEB365H1.txt
EEB375H1.txt
EEB382H1.txt
EEB384H1.txt
EEB386H1.txt
EEB388H1.txt
EEB428H1.txt
EEB430H1.txt
EEB440H1.txt
EEB445H1.txt
EEB460H1.txt
EEB465H1.txt
EEB466H1.txt
EEB488H1.txt
EHJ352H1.txt
ELL010H1.txt
ENG100H1.txt
ENG140Y1.txt
ENG150Y1.txt
ENG200H1.txt
ENG201Y1.txt
ENG202Y1.txt
ENG205H1.txt
ENG210Y1.txt
ENG213H1.txt
ENG215H1.txt
ENG220Y1.txt
ENG232H1.txt
ENG234H1.txt
ENG235H1.txt
ENG236H1.txt
ENG237H1.txt
ENG239H1.txt
ENG240Y1.txt
ENG250Y1.txt
ENG252Y1.txt
ENG270Y1.txt
ENG273Y1.txt
ENG280H1.txt
ENG287H1.txt
ENG300Y1.txt
ENG302Y1.txt
ENG303H1.txt
ENG305H1.txt
ENG306Y1.txt
ENG307H1.txt
ENG308Y1.txt
ENG311H1.txt
ENG322Y1.txt
ENG323H1.txt
ENG324Y1.txt
ENG325H1.txt
ENG328Y1.txt
ENG329H1.txt
ENG330H1.txt
ENG331H1.txt
ENG335H1.txt
ENG336H1.txt
ENG337H1.txt
ENG340H1.txt
ENG341H1.txt
ENG347Y1.txt
ENG348Y1.txt
ENG349H1.txt
ENG350H1.txt
ENG352H1.txt
ENG353Y1.txt
ENG354Y1.txt
ENG355H1.txt
ENG357H1.txt
ENG363Y1.txt
ENG364Y1.txt
ENG365H1.txt
ENG366H1.txt
ENG367H1.txt
ENG368H1.txt
ENG369H1.txt
ENG370H1.txt
ENG382Y1.txt
ENG383H1.txt
ENG384Y1.txt
ENG385H1.txt
ENG389Y1.txt
ENG390Y1.txt
ENG414H1.txt
ENG415H1.txt
ENG424H1.txt
ENG425H1.txt
ENG434H1.txt
ENG435H1.txt
ENG444H1.txt
ENG445H1.txt
ENG454H1.txt
ENG455H1.txt
ENV100H1.txt
ENV200H1.txt
ENV221H1.txt
ENV222H1.txt
ENV223H1.txt
ENV233H1.txt
ENV234H1.txt
ENV237H1.txt
ENV238H1.txt
ENV307H1.txt
ENV316H1.txt
ENV320H1.txt
ENV322H1.txt
ENV323H1.txt
ENV333H1.txt
ENV334H1.txt
ENV335H1.txt
ENV341H1.txt
ENV346H1.txt
ENV347H1.txt
ENV350H1.txt
ENV421H1.txt
ENV422H1.txt
ENV440H1.txt
ENV451H1.txt
ENV481H1.txt
ENV482H1.txt
ESS102H1.txt
ESS104H1.txt
ESS105H1.txt
ESS205H1.txt
ESS211H1.txt
ESS221H1.txt
ESS222H1.txt
ESS241H1.txt
ESS261H1.txt
ESS311H1.txt
ESS312H1.txt
ESS322H1.txt
ESS331H1.txt
ESS332H1.txt
ESS345H1.txt
ESS381H1.txt
ESS423H1.txt
ESS425H1.txt
ESS441H1.txt
ESS445H1.txt
ESS461H1.txt
ESS481H1.txt
ESS490H0.txt
ESS490H1.txt
EST100Y1.txt
ETH210H1.txt
ETH220H1.txt
ETH401H1.txt
EUR200Y1.txt
FAH101H1.txt
FAH102H1.txt
FAH207H1.txt
FAH216H1.txt
FAH230H1.txt
FAH245H1.txt
FAH246H1.txt
FAH270H1.txt
FAH313H1.txt
FAH328H1.txt
FAH331H1.txt
FAH338H1.txt
FAH341H1.txt
FAH353H1.txt
FAH355H1.txt
FAH360H1.txt
FAH370H1.txt
FAH420H1.txt
FAH430H1.txt
FAH434H1.txt
FAH449H1.txt
FAH457H1.txt
FAH463H1.txt
FAH470H1.txt
FAH481H1.txt
FAH481Y1.txt
FAH483H1.txt
FAH485H1.txt
FAH486H1.txt
FAH487H1.txt
FCS310Y1.txt
FCS390H1.txt
FIN100H1.txt
FIN110H1.txt
FIN260H1.txt
FIN300H1.txt
FIN310H1.txt
FIN350H1.txt
FIN420Y1.txt
FIN421H1.txt
FIN430H1.txt
FOR200H1.txt
FOR201H1.txt
FOR300H1.txt
FOR302H1.txt
FOR303H1.txt
FOR305H1.txt
FOR310H1.txt
FOR400Y1.txt
FOR401H1.txt
FOR403H1.txt
FOR410H1.txt
FOR416H1.txt
FOR419H1.txt
FOR423H1.txt
For L010.txt
For L020.txt
FRE210H1.txt
FRE240H1.txt
FRE241H1.txt
FRE250H1.txt
FRE272H1.txt
FRE273H1.txt
FRE274H1.txt
FRE304H1.txt
FRE310H1.txt
FRE314H1.txt
FRE318H1.txt
FRE319H1.txt
FRE324H1.txt
FRE326H1.txt
FRE336H1.txt
FRE344H1.txt
FRE345H1.txt
FRE376H1.txt
FRE378H1.txt
FRE379H1.txt
FRE383H1.txt
FRE384H1.txt
FRE387H1.txt
FRE388H1.txt
FRE410H1.txt
FRE441H1.txt
FRE443H1.txt
FRE446H1.txt
FRE471H1.txt
FRE483H1.txt
FRE485H1.txt
FRE487H1.txt
FRE488H1.txt
FRE490Y1.txt
FSL100H1.txt
FSL102H1.txt
FSL121Y1.txt
FSL221Y1.txt
FSL271H1.txt
FSL321Y1.txt
FSL375Y1.txt
FSL421Y1.txt
FSL443H1.txt
GER100Y1.txt
GER101H1.txt
GER102Y1.txt
GER150H1.txt
GER175H1.txt
GER200Y1.txt
GER205H1.txt
GER240H1.txt
GER250H1.txt
GER260Y1.txt
GER300Y1.txt
GER305H1.txt
GER310H1.txt
GER330H1.txt
GER332H1.txt
GER336H1.txt
GER340H1.txt
GER360H1.txt
GER370H1.txt
GER372H1.txt
GER400H1.txt
GER423H1.txt
GER426H1.txt
GER430H1.txt
GER462H1.txt
GER490H1.txt
GGR100H1.txt
GGR101H1.txt
GGR107H1.txt
GGR112H1.txt
GGR124H1.txt
GGR201H1.txt
GGR203H1.txt
GGR205H1.txt
GGR206H1.txt
GGR221H1.txt
GGR223H1.txt
GGR225H1.txt
GGR240H1.txt
GGR241H1.txt
GGR246H1.txt
GGR252H1.txt
GGR254H1.txt
GGR270H1.txt
GGR271H1.txt
GGR272H1.txt
GGR273H1.txt
GGR300H1.txt
GGR301H1.txt
GGR303H1.txt
GGR305H1.txt
GGR314H1.txt
GGR320H1.txt
GGR326H1.txt
GGR327H1.txt
GGR328H1.txt
GGR334H1.txt
GGR336H1.txt
GGR337H1.txt
GGR341H1.txt
GGR343H1.txt
GGR347H1.txt
GGR357H1.txt
GGR359H1.txt
GGR360H1.txt
GGR361H1.txt
GGR363H1.txt
GGR373H1.txt
GGR374H1.txt
GGR381H1.txt
GGR382H1.txt
GGR390H1.txt
GGR403H1.txt
GGR405H1.txt
GGR413H1.txt
GGR416H1.txt
GGR424H1.txt
GGR430H1.txt
GGR431H1.txt
GGR433H1.txt
GGR434H1.txt
GGR438H1.txt
GGR452H1.txt
GGR458H1.txt
GGR462H1.txt
GGR482H1.txt
GRK101H1.txt
GRK102H1.txt
GRK201H1.txt
GRK202H1.txt
GRK340H1.txt
GRK342H1.txt
GRK350H1.txt
GRK352H1.txt
GRK428H1.txt
GRK429H1.txt
GRK430H1.txt
GRK440H1.txt
GRK442H1.txt
GRK450H1.txt
GRK452H1.txt
HAJ453H1.txt
HIS101Y1.txt
HIS102Y1.txt
HIS103Y1.txt
HIS109Y1.txt
HIS202H1.txt
HIS205Y1.txt
HIS220Y1.txt
HIS241H1.txt
HIS242H1.txt
HIS243H1.txt
HIS244H1.txt
HIS250Y1.txt
HIS263Y1.txt
HIS271Y1.txt
HIS280Y1.txt
HIS282Y1.txt
HIS302H1.txt
HIS309H1.txt
HIS311Y1.txt
HIS312H1.txt
HIS313H1.txt
HIS314H1.txt
HIS323H1.txt
HIS325H1.txt
HIS326H1.txt
HIS330H1.txt
HIS331H1.txt
HIS334H1.txt
HIS335H1.txt
HIS336H1.txt
HIS337H1.txt
HIS338H1.txt
HIS341Y1.txt
HIS343Y1.txt
HIS344Y1.txt
HIS349H1.txt
HIS351Y1.txt
HIS354H1.txt
HIS357Y1.txt
HIS361H1.txt
HIS362H1.txt
HIS368H1.txt
HIS369H1.txt
HIS377H1.txt
HIS378H1.txt
HIS379H1.txt
HIS385H1.txt
HIS387H1.txt
HIS388H1.txt
HIS389H1.txt
HIS389Y1.txt
HIS401H1.txt
HIS405Y1.txt
HIS412Y1.txt
HIS423H1.txt
HIS430H1.txt
HIS433H1.txt
HIS441H1.txt
HIS443H1.txt
HIS444H1.txt
HIS452H1.txt
HIS457H1.txt
HIS459H1.txt
HIS463H1.txt
HIS466H1.txt
HIS467H1.txt
HIS470H1.txt
HIS477H1.txt
HIS480H1.txt
HIS481H1.txt
HIS485H1.txt
HIS488H1.txt
HIS489H1.txt
HMB200H1.txt
HMB201H1.txt
HMB202H1.txt
HMB203H1.txt
HMB220H1.txt
HMB265H1.txt
HMB300H1.txt
HMB301H1.txt
HMB302H1.txt
HMB303H1.txt
HMB305H1.txt
HMB306H1.txt
HMB310H1.txt
HMB311H1.txt
HMB312H1.txt
HMB314H1.txt
HMB320H1.txt
HMB321H1.txt
HMB323H1.txt
HMB325H1.txt
HMB342H1.txt
HMB360H1.txt
HMB400Y1.txt
HMB401H1.txt
HMB402H1.txt
HMB406H1.txt
HMB420H1.txt
HMB421H1.txt
HMB422H1.txt
HMB430H1.txt
HMB431H1.txt
HMB432H1.txt
HMB433H1.txt
HMB434H1.txt
HMB435H1.txt
HMB436H1.txt
HMB440H1.txt
HMB441H1.txt
HMB443H1.txt
HMB452H1.txt
HMB462H1.txt
HMB470H1.txt
HMB471H1.txt
HMB472H1.txt
HMB473H1.txt
HMB489H1.txt
HPS100H1.txt
HPS110H1.txt
HPS120H1.txt
HPS200H1.txt
HPS202H1.txt
HPS203H1.txt
HPS204H1.txt
HPS210H1.txt
HPS211H1.txt
HPS250H1.txt
HPS260H1.txt
HPS301H1.txt
HPS302H1.txt
HPS309H1.txt
HPS318H1.txt
HPS319H1.txt
HPS321H1.txt
HPS326H1.txt
HPS350H1.txt
HPS390H1.txt
HPS410H1.txt
HPS431H1.txt
HPS481H1.txt
HPS482H1.txt
HPS483H1.txt
HPS484H1.txt
HUN100Y1.txt
HUN200Y1.txt
IMC200H1.txt
IMC390Y1.txt
IMM250H1.txt
IMM340H1.txt
IMM341H1.txt
IMM350H1.txt
IMM351H1.txt
IMM428H1.txt
IMM429H1.txt
IMM430H1.txt
IMM435H1.txt
IMM450Y1.txt
INI100H1.txt
INI101H1.txt
INI102H1.txt
INI103H1.txt
INI203Y1.txt
INI204Y1.txt
INI234H1.txt
INI235Y1.txt
INI300H1.txt
INI302H1.txt
INI304H1.txt
INI305H1.txt
INI310H1.txt
INI311Y1.txt
INI332H1.txt
INI333H1.txt
INI336H1.txt
INI400Y1.txt
INI401H1.txt
INI402H1.txt
INI405Y1.txt
INI406H1.txt
INI407H1.txt
INI410H1.txt
INI431Y1.txt
INI432H1.txt
INI433H1.txt
INI434Y1.txt
INI435H1.txt
INI436H1.txt
INI437Y1.txt
INI438Y1.txt
IRE260H1.txt
IRE339H1.txt
IRE346H1.txt
IRE347H1.txt
IRE348H1.txt
IRE367H1.txt
IRE378H1.txt
IRE430Y1.txt
IRE446H1.txt
IRE447H1.txt
IRE472H1.txt
ITA100Y1.txt
ITA151Y1.txt
ITA200H1.txt
ITA201H1.txt
ITA233H1.txt
ITA240Y1.txt
ITA250Y1.txt
ITA251Y1.txt
ITA300H1.txt
ITA301H1.txt
ITA310H1.txt
ITA320H1.txt
ITA321H1.txt
ITA330H1.txt
ITA332H1.txt
ITA340H1.txt
ITA345H1.txt
ITA348H1.txt
ITA350Y1.txt
ITA351Y1.txt
ITA360H1.txt
ITA363H1.txt
ITA380H1.txt
ITA420H1.txt
ITA431H1.txt
ITA451H1.txt
ITA452H1.txt
ITA489H1.txt
ITA490Y1.txt
JAL328H1.txt
JAL353H1.txt
JAL401H1.txt
JEE337H1.txt
JEH455H1.txt
JEI206H1.txt
JFI225Y1.txt
JFL477H1.txt
JFP450H1.txt
JGA305H1.txt
JGE321H1.txt
JGE331H1.txt
JGI216H1.txt
JGI346H1.txt
JGI454H1.txt
JHA384H1.txt
JHE353H1.txt
JHE355H1.txt
JHP304Y1.txt
JLN327H1.txt
JLP315H1.txt
JLP374H1.txt
JLP471H1.txt
JLS472H1.txt
JLS473H1.txt
JLS476H1.txt
JMB170Y1.txt
JNH350H1.txt
JPA331Y1.txt
JPD439Y1.txt
JPF455Y1.txt
JPH311H1.txt
JPH441H1.txt
JPP343H1.txt
JPU315H1.txt
JQR360H1.txt
JSC301H1.txt
JSU237H1.txt
JSV200H1.txt
JSV201H1.txt
JSV202H1.txt
JUG320H1.txt
JUM206Y1.txt
LAS200Y1.txt
LAS300H1.txt
LAS301H1.txt
LAS302H1.txt
LAS400H1.txt
LAS410H1.txt
LAT101H1.txt
LAT102H1.txt
LAT201H1.txt
LAT202H1.txt
LAT340H1.txt
LAT342H1.txt
LAT350H1.txt
LAT352H1.txt
LAT428H1.txt
LAT429H1.txt
LAT430H1.txt
LAT440H1.txt
LAT442H1.txt
LAT450H1.txt
LAT452H1.txt
LIN100Y1.txt
LIN200H1.txt
LIN201H1.txt
LIN203H1.txt
LIN204H1.txt
LIN228H1.txt
LIN229H1.txt
LIN232H1.txt
LIN241H1.txt
LIN251H1.txt
LIN305H1.txt
LIN306H1.txt
LIN322H1.txt
LIN323H1.txt
LIN331H1.txt
LIN333H1.txt
LIN341H1.txt
LIN351H1.txt
LIN362H1.txt
LIN423H1.txt
LIN439H1.txt
LIN441H1.txt
LIN451H1.txt
LIN456H1.txt
LIN458H1.txt
LIN481H1.txt
LMP300Y1.txt
LMP301H1.txt
LMP363H1.txt
LMP365H1.txt
LMP402H1.txt
LMP403H1.txt
LMP405Y1.txt
LMP406H1.txt
LMP410H1.txt
LMP412H1.txt
LMP415H1.txt
LMP436H1.txt
MAT133Y1.txt
MAT135H1.txt
MAT136H1.txt
MAT137Y1.txt
MAT138H1.txt
MAT157Y1.txt
MAT221H1.txt
MAT223H1.txt
MAT224H1.txt
MAT235Y1.txt
MAT237Y1.txt
MAT240H1.txt
MAT244H1.txt
MAT246H1.txt
MAT247H1.txt
MAT257Y1.txt
MAT267H1.txt
MAT271H1.txt
MAT301H1.txt
MAT309H1.txt
MAT315H1.txt
MAT327H1.txt
MAT329Y1.txt
MAT332H1.txt
MAT334H1.txt
MAT335H1.txt
MAT336H1.txt
MAT337H1.txt
MAT344H1.txt
MAT347Y1.txt
MAT354H1.txt
MAT357H1.txt
MAT363H1.txt
MAT390H1.txt
MAT401H1.txt
MAT402H1.txt
MAT409H1.txt
MAT415H1.txt
MAT417H1.txt
MAT425H1.txt
MAT436H1.txt
MAT437H1.txt
MAT454H1.txt
MAT457H1.txt
MAT458H1.txt
MAT464H1.txt
MAT475H1.txt
MAT477Y1.txt
MGT201H1.txt
MGY200H1.txt
MGY277H1.txt
MGY311Y1.txt
MGY314H1.txt
MGY315H1.txt
MGY350H1.txt
MGY360H1.txt
MGY377H1.txt
MGY378H1.txt
MGY379Y1.txt
MGY420H1.txt
MGY425H1.txt
MGY428H1.txt
MGY432H1.txt
MGY434H1.txt
MGY440H1.txt
MGY451H1.txt
MGY452H1.txt
MGY470H1.txt
MGY480Y1.txt
MHB155H1.txt
MHB156H1.txt
MHB255H1.txt
MHB256H1.txt
MHB355H1.txt
MHB356H1.txt
MIJ485H1.txt
MUN101H1.txt
MUN102H1.txt
MUN105Y1.txt
MUS110H1.txt
MUS120Y1.txt
MUS204H1.txt
MUS220Y1.txt
MUS235H1.txt
MUS305H1.txt
MUS306H1.txt
MUS335H1.txt
NEW101Y1.txt
NEW102Y1.txt
NEW103Y1.txt
NEW104Y1.txt
NEW150Y1.txt
NEW214Y1.txt
NEW222H1.txt
NEW224Y1.txt
NEW232Y1.txt
NEW240Y1.txt
NEW241Y1.txt
NEW250Y1.txt
NEW270H1.txt
NEW280Y1.txt
NEW302Y1.txt
NEW308H1.txt
NEW320H1.txt
NEW321H1.txt
NEW322H1.txt
NEW324H1.txt
NEW325H1.txt
NEW328H1.txt
NEW331H1.txt
NEW332H1.txt
NEW333H1.txt
NEW334H1.txt
NEW336H1.txt
NEW339H1.txt
NEW341H1.txt
NEW342H1.txt
NEW344Y1.txt
NEW345H1.txt
NEW346H1.txt
NEW347H1.txt
NEW348H1.txt
NEW349H1.txt
NEW351Y1.txt
NEW352H1.txt
NEW353H1.txt
NEW358H1.txt
NEW359H1.txt
NEW380Y1.txt
NEW390Y1.txt
NEW421H1.txt
NEW424Y1.txt
NEW427H1.txt
NEW428H1.txt
NEW432H1.txt
NEW438H1.txt
NEW441H1.txt
NEW442H1.txt
NEW444H1.txt
NEW446H1.txt
NEW449H1.txt
NEW450Y1.txt
NEW451H1.txt
NEW452H1.txt
NEW453Y1.txt
NEW471H1.txt
NEW490Y1.txt
NFS284H1.txt
NFS301H1.txt
NFS302H1.txt
NFS382H1.txt
NFS386H1.txt
NFS400H1.txt
NFS484H1.txt
NFS485H1.txt
NFS486H1.txt
NFS487H1.txt
NFS488H1.txt
NFS489H1.txt
NFS490H1.txt
NMC101H1.txt
NMC102H1.txt
NMC103H1.txt
NMC104H1.txt
NMC241H1.txt
NMC251H1.txt
NMC252H1.txt
NMC255H1.txt
NMC259H1.txt
NMC260Y1.txt
NMC270H1.txt
NMC273Y1.txt
NMC274Y1.txt
NMC278H1.txt
NMC284H1.txt
NMC343H1.txt
NMC344H1.txt
NMC346H1.txt
NMC347H1.txt
NMC349Y1.txt
NMC351H1.txt
NMC360H1.txt
NMC361H1.txt
NMC367H1.txt
NMC374H1.txt
NMC378H1.txt
NMC381H1.txt
NMC465H1.txt
NMC467H1.txt
NMC472H1.txt
NMC476H1.txt
NMC479H1.txt
NML110Y1.txt
NML155H1.txt
NML156H1.txt
NML210Y1.txt
NML220Y1.txt
NML240Y1.txt
NML250Y1.txt
NML255H1.txt
NML256H1.txt
NML260Y1.txt
NML270Y1.txt
NML310Y1.txt
NML315H1.txt
NML320H1.txt
NML340Y1.txt
NML355H1.txt
NML356H1.txt
NML370Y1.txt
NML410Y1.txt
NML412H1.txt
NML413H1.txt
NML420Y1.txt
NML456H1.txt
NML460Y1.txt
NML461H1.txt
NML463H1.txt
NML471H1.txt
PCJ260Y1.txt
PCJ360H1.txt
PCJ361H1.txt
PCJ460H1.txt
PCJ461H1.txt
PCL102H1.txt
PCL201H1.txt
PCL285H1.txt
PCL302H1.txt
PCL362H1.txt
PCL366H1.txt
PCL376H1.txt
PCL389H1.txt
PCL402H1.txt
PCL461H1.txt
PCL465H1.txt
PCL469H1.txt
PCL470H1.txt
PCL472Y1.txt
PCL473Y1.txt
PCL474Y1.txt
PCL475Y1.txt
PCL477H1.txt
PCL481H1.txt
PHC230H1.txt
PHC300H1.txt
PHC301H1.txt
PHC320H1.txt
PHC330H1.txt
PHC331H1.txt
PHC340Y1.txt
PHC401H1.txt
PHC420H1.txt
PHC421H1.txt
PHC430H1.txt
PHC460H1.txt
PHC489Y1.txt
PHL100Y1.txt
PHL200Y1.txt
PHL201H1.txt
PHL205H1.txt
PHL206H1.txt
PHL210Y1.txt
PHL217H1.txt
PHL232H1.txt
PHL235H1.txt
PHL237H1.txt
PHL240H1.txt
PHL243H1.txt
PHL245H1.txt
PHL246H1.txt
PHL265H1.txt
PHL271H1.txt
PHL273H1.txt
PHL275H1.txt
PHL281H1.txt
PHL285H1.txt
PHL302H1.txt
PHL303H1.txt
PHL304H1.txt
PHL308H1.txt
PHL310H1.txt
PHL311H1.txt
PHL314H1.txt
PHL316H1.txt
PHL317H1.txt
PHL322H1.txt
PHL323H1.txt
PHL325H1.txt
PHL326H1.txt
PHL331H1.txt
PHL332H1.txt
PHL336H1.txt
PHL337H1.txt
PHL338H1.txt
PHL340H1.txt
PHL341H1.txt
PHL342H1.txt
PHL345H1.txt
PHL346H1.txt
PHL347H1.txt
PHL351H1.txt
PHL356H1.txt
PHL357H1.txt
PHL365H1.txt
PHL366H1.txt
PHL370H1.txt
PHL375H1.txt
PHL376H1.txt
PHL382H1.txt
PHL383H1.txt
PHL384H1.txt
PHL388H1.txt
PHL400H1.txt
PHL401H1.txt
PHL402H1.txt
PHL405H1.txt
PHL407H1.txt
PHL408H1.txt
PHL409H1.txt
PHL410H1.txt
PHL411H1.txt
PHL412H1.txt
PHL415H1.txt
PHL440H1.txt
PHL451H1.txt
PHL489Y1.txt
PHL490Y1.txt
PHS300H1.txt
PHY100H1.txt
PHY131H1.txt
PHY132H1.txt
PHY151H1.txt
PHY152H1.txt
PHY189H1.txt
PHY202H1.txt
PHY205H1.txt
PHY224H1.txt
PHY231H1.txt
PHY250H1.txt
PHY252H1.txt
PHY254H1.txt
PHY256H1.txt
PHY324H1.txt
PHY331H1.txt
PHY350H1.txt
PHY354H1.txt
PHY356H1.txt
PHY357H1.txt
PHY358H1.txt
PHY371Y1.txt
PHY372H1.txt
PHY385H1.txt
PHY405H1.txt
PHY407H1.txt
PHY408H1.txt
PHY424H1.txt
PHY426H1.txt
PHY428H1.txt
PHY429H1.txt
PHY431H1.txt
PHY450H1.txt
PHY452H1.txt
PHY454H1.txt
PHY456H1.txt
PHY460H1.txt
PHY471Y1.txt
PHY472H1.txt
PHY478H1.txt
PHY479Y1.txt
PHY483H1.txt
PHY484H1.txt
PHY485H1.txt
PHY487H1.txt
PHY489H1.txt
PLN420H1.txt
PLN425H1.txt
POL101Y1.txt
POL200Y1.txt
POL201Y1.txt
POL203Y1.txt
POL207Y1.txt
POL208Y1.txt
POL214Y1.txt
POL215Y1.txt
POL224Y1.txt
POL242Y1.txt
POL301Y1.txt
POL305Y1.txt
POL312Y1.txt
POL314H1.txt
POL316Y1.txt
POL317H1.txt
POL320Y1.txt
POL322H1.txt
POL324H1.txt
POL326Y1.txt
POL328Y1.txt
POL330Y1.txt
POL334H1.txt
POL337Y1.txt
POL340Y1.txt
POL344Y1.txt
POL349H1.txt
POL354H1.txt
POL356Y1.txt
POL359Y1.txt
POL370H1.txt
POL371H1.txt
POL372H1.txt
POL373H1.txt
POL383H1.txt
POL400H1.txt
POL402H1.txt
POL408H1.txt
POL409H1.txt
POL410H1.txt
POL410Y1.txt
POL411H1.txt
POL417Y1.txt
POL419H1.txt
POL421H1.txt
POL426H1.txt
POL429H1.txt
POL432H1.txt
POL433H1.txt
POL434H1.txt
POL437H1.txt
POL438H1.txt
POL442H1.txt
POL443H1.txt
POL445H1.txt
POL446H1.txt
POL450H1.txt
POL451H1.txt
POL456Y1.txt
POL457Y1.txt
POL459Y1.txt
POL462H1.txt
POL466H1.txt
POL469H1.txt
POL472H1.txt
POL474H1.txt
POL478H1.txt
POL479H1.txt
POL480H1.txt
POL481H1.txt
POL482H1.txt
POL484H1.txt
POL485H1.txt
POL486H1.txt
POL486Y1.txt
POL487H1.txt
POL490H1.txt
PPG301H1.txt
PPG401H1.txt
PRT100Y1.txt
PRT110Y1.txt
PRT220Y1.txt
PRT250H1.txt
PRT252H1.txt
PRT255H1.txt
PRT320Y1.txt
PRT340H1.txt
PRT345H1.txt
PRT355H1.txt
PRT358H1.txt
PRT365H1.txt
PRT420Y1.txt
PRT490H1.txt
PSL190H1.txt
PSL201Y1.txt
PSL280H1.txt
PSL300H1.txt
PSL301H1.txt
PSL304H1.txt
PSL305H1.txt
PSL350H1.txt
PSL372H1.txt
PSL374H1.txt
PSL404H1.txt
PSL420H1.txt
PSL421H1.txt
PSL425H1.txt
PSL432H1.txt
PSL440Y1.txt
PSL444Y1.txt
PSL450H1.txt
PSL452H1.txt
PSL462H1.txt
PSL470H1.txt
PSL472H1.txt
PSL480H1.txt
PSY100H1.txt
PSY201H1.txt
PSY202H1.txt
PSY210H1.txt
PSY220H1.txt
PSY230H1.txt
PSY240H1.txt
PSY260H1.txt
PSY270H1.txt
PSY280H1.txt
PSY290H1.txt
PSY307H1.txt
PSY309H1.txt
PSY311H1.txt
PSY312H1.txt
PSY313H1.txt
PSY319H1.txt
PSY320H1.txt
PSY321H1.txt
PSY322H1.txt
PSY323H1.txt
PSY328H1.txt
PSY329H1.txt
PSY331H1.txt
PSY333H1.txt
PSY336H1.txt
PSY339H1.txt
PSY341H1.txt
PSY342H1.txt
PSY343H1.txt
PSY362H1.txt
PSY370H1.txt
PSY371H1.txt
PSY372H1.txt
PSY378H1.txt
PSY379H1.txt
PSY390H1.txt
PSY400Y1.txt
PSY402H1.txt
PSY403H1.txt
PSY404H1.txt
PSY405H1.txt
PSY405Y1.txt
PSY406H1.txt
PSY406Y1.txt
PSY407H1.txt
PSY408H1.txt
PSY409H1.txt
PSY414H1.txt
PSY417H1.txt
PSY420H1.txt
PSY421H1.txt
PSY424H1.txt
PSY426H1.txt
PSY427H1.txt
PSY428H1.txt
PSY430H1.txt
PSY434H1.txt
PSY435H1.txt
PSY440H1.txt
PSY450H1.txt
PSY460H1.txt
PSY470H1.txt
PSY471H1.txt
PSY473H1.txt
PSY475H1.txt
PSY480H1.txt
PSY490H1.txt
RLG100Y1.txt
RLG200H1.txt
RLG203Y1.txt
RLG206Y1.txt
RLG209H1.txt
RLG210Y1.txt
RLG211H1.txt
RLG213H1.txt
RLG215H1.txt
RLG220H1.txt
RLG228H1.txt
RLG231H1.txt
RLG232H1.txt
RLG233H1.txt
RLG239H1.txt
RLG241Y1.txt
RLG243H1.txt
RLG248H1.txt
RLG280Y1.txt
RLG304H1.txt
RLG305H1.txt
RLG308H1.txt
RLG309Y1.txt
RLG310Y1.txt
RLG313H1.txt
RLG321H1.txt
RLG322H1.txt
RLG326H1.txt
RLG336H1.txt
RLG337H1.txt
RLG344H1.txt
RLG349H1.txt
RLG351H1.txt
RLG352H1.txt
RLG359H1.txt
RLG360H1.txt
RLG365H1.txt
RLG366H1.txt
RLG374H1.txt
RLG375H1.txt
RLG388H1.txt
RLG389H1.txt
RLG400Y1.txt
RLG401H1.txt
RLG402H1.txt
RLG404H1.txt
RLG405H1.txt
RLG410Y1.txt
RLG411H1.txt
RLG412H1.txt
RLG418H1.txt
RLG421H1.txt
RLG422H1.txt
RLG426H1.txt
RLG430H1.txt
RLG431H1.txt
RLG441H1.txt
RLG443H1.txt
RLG448H1.txt
RLG458H1.txt
RLG464H1.txt
RLG465H1.txt
RLG469Y1.txt
RLG471H1.txt
RLG490Y1.txt
RSM100Y1.txt
RSM219H1.txt
RSM220H1.txt
RSM221H1.txt
RSM222H1.txt
RSM225H1.txt
RSM230H1.txt
RSM250H1.txt
RSM251H1.txt
RSM260H1.txt
RSM270H1.txt
RSM320H1.txt
RSM321H1.txt
RSM322H1.txt
RSM323H1.txt
RSM324H1.txt
RSM325H1.txt
RSM327H1.txt
RSM328H1.txt
RSM330H1.txt
RSM332H1.txt
RSM333H1.txt
RSM340H1.txt
RSM341H1.txt
RSM352H1.txt
RSM353H1.txt
RSM361H1.txt
RSM370H1.txt
RSM380H1.txt
RSM401H1.txt
RSM402H1.txt
RSM403Y1.txt
RSM404Y1.txt
RSM410H1.txt
RSM411H1.txt
RSM412H1.txt
RSM413H1.txt
RSM414H1.txt
RSM415H1.txt
RSM416H1.txt
RSM417H1.txt
RSM418H1.txt
RSM419H1.txt
RSM422H1.txt
RSM423H1.txt
RSM424H1.txt
RSM425H1.txt
RSM426H1.txt
RSM427H1.txt
RSM429H1.txt
RSM430H1.txt
RSM432H1.txt
RSM433H1.txt
RSM434H1.txt
RSM435H1.txt
RSM437H1.txt
RSM450H1.txt
RSM455H1.txt
RSM458H1.txt
RSM461H1.txt
RSM462H1.txt
RSM464H1.txt
RSM465H1.txt
RSM470H1.txt
RSM480H1.txt
RSM481H1.txt
RSM483H1.txt
RSM490H1.txt
SAS114H1.txt
SAS414H1.txt
SDS255H1.txt
SDS256H1.txt
SDS345H1.txt
SDS346H1.txt
SDS354H1.txt
SDS355H1.txt
SDS365H1.txt
SDS377H1.txt
SDS378H1.txt
SDS379H1.txt
SDS455H1.txt
SDS458H1.txt
SDS459Y1.txt
SDS460H1.txt
SDS470H1.txt
SDS475H1.txt
SDS477H1.txt
SDS478H1.txt
SLA100H1.txt
SLA101H1.txt
SLA103H1.txt
SLA104H1.txt
SLA106Y1.txt
SLA107Y1.txt
SLA108Y1.txt
SLA109Y1.txt
SLA200H1.txt
SLA203H1.txt
SLA204Y1.txt
SLA206H1.txt
SLA207H1.txt
SLA208Y1.txt
SLA220Y1.txt
SLA225H1.txt
SLA227H1.txt
SLA228H1.txt
SLA234H1.txt
SLA245H1.txt
SLA252H1.txt
SLA256H1.txt
SLA258H1.txt
SLA266H1.txt
SLA306H1.txt
SLA311H1.txt
SLA314H1.txt
SLA318H1.txt
SLA320Y1.txt
SLA325H1.txt
SLA330Y1.txt
SLA334H1.txt
SLA336H1.txt
SLA337H1.txt
SLA343H1.txt
SLA380H1.txt
SLA403H1.txt
SLA405H1.txt
SLA406H1.txt
SLA420Y1.txt
SLA426H1.txt
SLA441H1.txt
SLA449H1.txt
SLA463H1.txt
SMC103Y1.txt
SMC141Y1.txt
SMC175H1.txt
SMC176Y1.txt
SMC188Y1.txt
SMC200H1.txt
SMC203Y1.txt
SMC205H1.txt
SMC208Y1.txt
SMC210H1.txt
SMC212H1.txt
SMC213H1.txt
SMC216Y1.txt
SMC219Y1.txt
SMC222H1.txt
SMC228H1.txt
SMC229H1.txt
SMC233H1.txt
SMC240Y1.txt
SMC242Y1.txt
SMC251H1.txt
SMC252H1.txt
SMC300H1.txt
SMC301H1.txt
SMC308H1.txt
SMC309H1.txt
SMC311H1.txt
SMC313H1.txt
SMC314H1.txt
SMC315H1.txt
SMC317H1.txt
SMC318H1.txt
SMC320H1.txt
SMC322H1.txt
SMC323H1.txt
SMC326H1.txt
SMC333H1.txt
SMC338H1.txt
SMC342Y1.txt
SMC343H1.txt
SMC346H1.txt
SMC348H1.txt
SMC355H1.txt
SMC356H1.txt
SMC358H1.txt
SMC359H1.txt
SMC360H1.txt
SMC362Y1.txt
SMC371H1.txt
SMC374H1.txt
SMC380H1.txt
SMC381Y1.txt
SMC385H1.txt
SMC386H1.txt
SMC390Y1.txt
SMC406H1.txt
SMC413H1.txt
SMC416H1.txt
SMC430H1.txt
SMC433Y1.txt
SMC434H1.txt
SMC435H1.txt
SMC441Y1.txt
SMC444H1.txt
SMC451Y1.txt
SMC456H1.txt
SMC457H1.txt
SMC459H1.txt
SMC463H1.txt
SMC465H1.txt
SMC466H1.txt
SMC471H1.txt
SMC472Y1.txt
SMC480H1.txt
SMC481Y1.txt
SMC490Y1.txt
SOC101Y1.txt
SOC102H1.txt
SOC103H1.txt
SOC200H1.txt
SOC201H1.txt
SOC202H1.txt
SOC203H1.txt
SOC205H1.txt
SOC210H1.txt
SOC212H1.txt
SOC218H1.txt
SOC220H1.txt
SOC243H1.txt
SOC244H1.txt
SOC250Y1.txt
SOC256H1.txt
SOC260H1.txt
SOC265H1.txt
SOC279H1.txt
SOC281H1.txt
SOC300H1.txt
SOC302H1.txt
SOC303H1.txt
SOC304H1.txt
SOC305H1.txt
SOC309Y1.txt
SOC312H1.txt
SOC313H1.txt
SOC314H1.txt
SOC336H1.txt
SOC355H1.txt
SOC356Y1.txt
SOC357H1.txt
SOC362H1.txt
SOC363H1.txt
SOC364H1.txt
SOC365H1.txt
SOC366H1.txt
SOC367H1.txt
SOC371H1.txt
SOC376H1.txt
SOC384H1.txt
SOC386H1.txt
SOC387H1.txt
SOC388H1.txt
SOC390Y1.txt
SOC412H1.txt
SOC413H1.txt
SOC422H1.txt
SOC427H1.txt
SOC448H1.txt
SOC455H1.txt
SOC478H1.txt
SOC481H1.txt
SOC483Y1.txt
SOC490Y1.txt
SPA100Y1.txt
SPA219Y1.txt
SPA220Y1.txt
SPA258H1.txt
SPA259H1.txt
SPA320Y1.txt
SPA321H1.txt
SPA322H1.txt
SPA323H1.txt
SPA326H1.txt
SPA375H1.txt
SPA381H1.txt
SPA420H1.txt
SPA423H1.txt
SPA452H1.txt
SPA454H1.txt
SPA467H1.txt
SPA468H1.txt
SPA482H1.txt
SPA486H1.txt
SPA490H1.txt
STA201H1.txt
STA220H1.txt
STA221H1.txt
STA247H1.txt
STA248H1.txt
STA255H1.txt
STA257H1.txt
STA261H1.txt
STA302H1.txt
STA303H1.txt
STA304H1.txt
STA305H1.txt
STA347H1.txt
STA355H1.txt
STA410H1.txt
STA414H1.txt
STA422H1.txt
STA437H1.txt
STA442H1.txt
STA447H1.txt
STA450H1.txt
STA452H1.txt
STA453H1.txt
STA457H1.txt
STA465H1.txt
STA490H1.txt
TRN125Y1.txt
TRN135Y1.txt
TRN150Y1.txt
TRN151Y1.txt
TRN160Y1.txt
TRN161Y1.txt
TRN170Y1.txt
TRN171Y1.txt
TRN190Y1.txt
TRN200Y1.txt
TRN250Y1.txt
TRN300H1.txt
TRN301Y1.txt
TRN302Y1.txt
TRN303H1.txt
TRN304Y1.txt
TRN305Y1.txt
TRN377Y1.txt
TRN400H1.txt
TRN404Y1.txt
TRN405Y1.txt
TRN406H1.txt
TRN407Y1.txt
TRN409H1.txt
TRN410H1.txt
TRN411Y1.txt
TRN412H1.txt
TRN419Y1.txt
TRN421Y1.txt
TRN425Y1.txt
UNI101Y1.txt
UNI102Y1.txt
UNI103Y1.txt
UNI104Y1.txt
UNI202H1.txt
UNI205H1.txt
UNI209H1.txt
UNI211H1.txt
UNI218H1.txt
UNI221H1.txt
UNI230H1.txt
UNI250H1.txt
UNI267H1.txt
UNI268H1.txt
UNI280H1.txt
UNI307H1.txt
UNI308H1.txt
UNI310H1.txt
UNI325H1.txt
UNI330H1.txt
UNI335H1.txt
UNI350Y1.txt
UNI367H1.txt
UNI368H1.txt
UNI373H1.txt
UNI380H1.txt
UNI390H1.txt
UNI405H1.txt
UNI409H1.txt
UNI411H1.txt
UNI420Y1.txt
UNI425H1.txt
UNI435Y1.txt
UNI440H1.txt
UNI450Y1.txt
UNI451Y1.txt
UNI464H1.txt
UNI480H1.txt
USA200H1.txt
USA300H1.txt
USA310H1.txt
USA311H1.txt
USA400H1.txt
USA401H1.txt
USA402H1.txt
USA403H1.txt
VIC101H1.txt
VIC104H1.txt
VIC105H1.txt
VIC106H1.txt
VIC107H1.txt
VIC112Y1.txt
VIC117H1.txt
VIC119H1.txt
VIC135H1.txt
VIC150Y1.txt
VIC151Y1.txt
VIC159H1.txt
VIC162H1.txt
VIC163H1.txt
VIC164H1.txt
VIC165H1.txt
VIC170Y1.txt
VIC171Y1.txt
VIC172Y1.txt
VIC173Y1.txt
VIC181H1.txt
VIC183H1.txt
VIC184H1.txt
VIC185H1.txt
VIC190Y1.txt
VIC202Y1.txt
VIC203Y1.txt
VIC204H1.txt
VIC209H1.txt
VIC223Y1.txt
VIC224Y1.txt
VIC225Y1.txt
VIC240Y1.txt
VIC270H1.txt
VIC271H1.txt
VIC275H1.txt
VIC278H1.txt
VIC279H1.txt
VIC280H1.txt
VIC302H1.txt
VIC303H1.txt
VIC304H1.txt
VIC305H1.txt
VIC306H1.txt
VIC307H1.txt
VIC320Y1.txt
VIC324H1.txt
VIC328H1.txt
VIC329H1.txt
VIC342H1.txt
VIC343Y1.txt
VIC346H1.txt
VIC348Y1.txt
VIC352Y1.txt
VIC360H1.txt
VIC360Y1.txt
VIC361H0.txt
VIC362H1.txt
VIC363H1.txt
VIC370H1.txt
VIC371H1.txt
VIC390H1.txt
VIC390Y0.txt
VIC390Y1.txt
VIC401H1.txt
VIC402H1.txt
VIC440Y1.txt
VIC444H1.txt
VIC476H1.txt
VIC479Y1.txt
VIC480H1.txt
VIC490H1.txt
VIC490Y1.txt
WDW101Y1.txt
WDW102Y1.txt
WDW103Y1.txt
WDW151H1.txt
WDW152H1.txt
WGS160Y1.txt
WGS260H1.txt
WGS271Y1.txt
WGS273H1.txt
WGS275H1.txt
WGS334H1.txt
WGS340H1.txt
WGS350H1.txt
WGS355H1.txt
WGS360H1.txt
WGS367H1.txt
WGS369H1.txt
WGS370H1.txt
WGS376H1.txt
WGS385H1.txt
WGS390H1.txt
WGS434H1.txt
WGS435H1.txt
WGS440H1.txt
WGS445H1.txt
WGS450H1.txt
WGS451H1.txt
WGS460Y1.txt
WGS463H1.txt
WGS470Y1.txt
